[2019-04-29 15:51:26.746] [exthost] [info] extension host started
[2019-04-29 15:51:26.772] [exthost] [info] ExtensionService#_doActivateExtension vscode.debug-auto-launch {"startup":true,"activationEvent":"*"}
[2019-04-29 15:51:26.772] [exthost] [info] ExtensionService#loadCommonJSModule /usr/share/code/resources/app/extensions/debug-auto-launch/dist/extension
[2019-04-29 15:51:26.864] [exthost] [info] ExtensionService#_doActivateExtension vscode.emmet {"startup":true,"activationEvent":"*"}
[2019-04-29 15:51:26.864] [exthost] [info] ExtensionService#loadCommonJSModule /usr/share/code/resources/app/extensions/emmet/dist/extension
[2019-04-29 15:51:26.939] [exthost] [info] ExtensionService#_doActivateExtension vscode.git {"startup":true,"activationEvent":"*"}
[2019-04-29 15:51:26.939] [exthost] [info] ExtensionService#loadCommonJSModule /usr/share/code/resources/app/extensions/git/dist/main
[2019-04-29 15:51:27.184] [exthost] [info] ExtensionService#_doActivateExtension vscode.merge-conflict {"startup":true,"activationEvent":"*"}
[2019-04-29 15:51:27.184] [exthost] [info] ExtensionService#loadCommonJSModule /usr/share/code/resources/app/extensions/merge-conflict/dist/extension
[2019-04-29 15:51:27.344] [exthost] [info] ExtensionService#_doActivateExtension ritwickdey.LiveServer {"startup":true,"activationEvent":"*"}
[2019-04-29 15:51:27.344] [exthost] [info] ExtensionService#loadCommonJSModule /home/austin/.vscode/extensions/ritwickdey.liveserver-5.6.1/out/src/extension
[2019-04-29 15:51:28.828] [exthost] [info] eager extensions activated
[2019-04-29 15:52:55.843] [exthost] [info] extension host started
[2019-04-29 15:52:55.859] [exthost] [info] ExtensionService#_doActivateExtension vscode.debug-auto-launch {"startup":true,"activationEvent":"*"}
[2019-04-29 15:52:55.859] [exthost] [info] ExtensionService#loadCommonJSModule /usr/share/code/resources/app/extensions/debug-auto-launch/dist/extension
[2019-04-29 15:52:55.865] [exthost] [info] ExtensionService#_doActivateExtension vscode.emmet {"startup":true,"activationEvent":"*"}
[2019-04-29 15:52:55.865] [exthost] [info] ExtensionService#loadCommonJSModule /usr/share/code/resources/app/extensions/emmet/dist/extension
[2019-04-29 15:52:55.886] [exthost] [info] ExtensionService#_doActivateExtension vscode.git {"startup":true,"activationEvent":"*"}
[2019-04-29 15:52:55.886] [exthost] [info] ExtensionService#loadCommonJSModule /usr/share/code/resources/app/extensions/git/dist/main
[2019-04-29 15:52:55.991] [exthost] [info] ExtensionService#_doActivateExtension vscode.merge-conflict {"startup":true,"activationEvent":"*"}
[2019-04-29 15:52:55.991] [exthost] [info] ExtensionService#loadCommonJSModule /usr/share/code/resources/app/extensions/merge-conflict/dist/extension
[2019-04-29 15:52:55.996] [exthost] [info] ExtensionService#_doActivateExtension ritwickdey.LiveServer {"startup":true,"activationEvent":"*"}
[2019-04-29 15:52:55.996] [exthost] [info] ExtensionService#loadCommonJSModule /home/austin/.vscode/extensions/ritwickdey.liveserver-5.6.1/out/src/extension
[2019-04-29 15:52:56.250] [exthost] [info] eager extensions activated
[2019-04-29 15:53:48.265] [exthost] [info] ExtensionService#_doActivateExtension vscode.css-language-features {"startup":false,"activationEvent":"onLanguage:css"}
[2019-04-29 15:53:48.265] [exthost] [info] ExtensionService#loadCommonJSModule /usr/share/code/resources/app/extensions/css-language-features/client/dist/cssMain
[2019-04-29 15:54:00.498] [exthost] [info] ExtensionService#_doActivateExtension vscode.extension-editing {"startup":false,"activationEvent":"onLanguage:typescript"}
[2019-04-29 15:54:00.498] [exthost] [info] ExtensionService#loadCommonJSModule /usr/share/code/resources/app/extensions/extension-editing/dist/extension
[2019-04-29 15:54:00.603] [exthost] [info] ExtensionService#_doActivateExtension vscode.typescript-language-features {"startup":false,"activationEvent":"onLanguage:typescript"}
[2019-04-29 15:54:00.603] [exthost] [info] ExtensionService#loadCommonJSModule /usr/share/code/resources/app/extensions/typescript-language-features/dist/extension
[2019-04-29 15:54:09.263] [exthost] [info] ExtensionService#_doActivateExtension vscode.configuration-editing {"startup":false,"activationEvent":"onLanguage:jsonc"}
[2019-04-29 15:54:09.264] [exthost] [info] ExtensionService#loadCommonJSModule /usr/share/code/resources/app/extensions/configuration-editing/dist/extension
[2019-04-29 15:54:09.307] [exthost] [info] ExtensionService#_doActivateExtension vscode.json-language-features {"startup":false,"activationEvent":"onLanguage:jsonc"}
[2019-04-29 15:54:09.307] [exthost] [info] ExtensionService#loadCommonJSModule /usr/share/code/resources/app/extensions/json-language-features/client/dist/jsonMain
[2019-04-29 15:59:24.412] [exthost] [info] ExtensionService#_doActivateExtension vscode.html-language-features {"startup":false,"activationEvent":"onLanguage:html"}
[2019-04-29 15:59:24.412] [exthost] [info] ExtensionService#loadCommonJSModule /usr/share/code/resources/app/extensions/html-language-features/client/dist/htmlMain
[2019-04-29 17:07:05.745] [exthost] [info] ExtensionService#_doActivateExtension vscode.markdown-language-features {"startup":false,"activationEvent":"onLanguage:markdown"}
[2019-04-29 17:07:05.745] [exthost] [info] ExtensionService#loadCommonJSModule /usr/share/code/resources/app/extensions/markdown-language-features/dist/extension
[2019-04-29 17:07:06.217] [exthost] [info] ExtensionService#_doActivateExtension vscode.npm {"startup":false,"activationEvent":"onLanguage:json"}
[2019-04-29 17:07:06.217] [exthost] [info] ExtensionService#loadCommonJSModule /usr/share/code/resources/app/extensions/npm/dist/main
[2019-04-30 09:13:56.441] [exthost] [error] [vscode.emmet] provider FAILED
[2019-04-30 09:13:56.519] [exthost] [error] TypeError: Cannot read property 'start' of undefined
	at Object.t.isStyleAttribute (/usr/share/code/resources/app/extensions/emmet/dist/extension.js:1:9736)
	at t.DefaultCompletionItemProvider.provideCompletionItemsInternal (/usr/share/code/resources/app/extensions/emmet/dist/extension.js:1:46168)
	at t.DefaultCompletionItemProvider.provideCompletionItems (/usr/share/code/resources/app/extensions/emmet/dist/extension.js:1:45089)
	at define.provideCompletionItems.a.asPromise (/usr/share/code/resources/app/out/vs/workbench/services/extensions/node/extensionHostProcess.js:592:293)
	at t.asPromise.Promise (/usr/share/code/resources/app/out/vs/workbench/services/extensions/node/extensionHostProcess.js:49:430)
	at new Promise (<anonymous>)
	at Object.t.asPromise (/usr/share/code/resources/app/out/vs/workbench/services/extensions/node/extensionHostProcess.js:49:402)
	at L.provideCompletionItems (/usr/share/code/resources/app/out/vs/workbench/services/extensions/node/extensionHostProcess.js:592:264)
	at define.$provideCompletionItems._withAdapter.e (/usr/share/code/resources/app/out/vs/workbench/services/extensions/node/extensionHostProcess.js:606:685)
	at B._withAdapter (/usr/share/code/resources/app/out/vs/workbench/services/extensions/node/extensionHostProcess.js:599:159)
	at B.$provideCompletionItems (/usr/share/code/resources/app/out/vs/workbench/services/extensions/node/extensionHostProcess.js:606:663)
	at d._doInvokeHandler (/usr/share/code/resources/app/out/vs/workbench/services/extensions/node/extensionHostProcess.js:622:11)
	at d._invokeHandler (/usr/share/code/resources/app/out/vs/workbench/services/extensions/node/extensionHostProcess.js:621:716)
	at d._receiveRequest (/usr/share/code/resources/app/out/vs/workbench/services/extensions/node/extensionHostProcess.js:620:341)
	at d._receiveOneMessage (/usr/share/code/resources/app/out/vs/workbench/services/extensions/node/extensionHostProcess.js:619:141)
	at define.constructor._protocol.onMessage.e (/usr/share/code/resources/app/out/vs/workbench/services/extensions/node/extensionHostProcess.js:617:400)
	at u.fire (/usr/share/code/resources/app/out/vs/workbench/services/extensions/node/extensionHostProcess.js:44:708)
	at e (/usr/share/code/resources/app/out/vs/workbench/services/extensions/node/extensionHostProcess.js:40:460)
	at u.fire (/usr/share/code/resources/app/out/vs/workbench/services/extensions/node/extensionHostProcess.js:44:708)
	at a (/usr/share/code/resources/app/out/vs/workbench/services/extensions/node/extensionHostProcess.js:172:467)
	at e (/usr/share/code/resources/app/out/vs/workbench/services/extensions/node/extensionHostProcess.js:172:513)
	at u.fire (/usr/share/code/resources/app/out/vs/workbench/services/extensions/node/extensionHostProcess.js:44:708)
	at y._receiveMessage (/usr/share/code/resources/app/out/vs/workbench/services/extensions/node/extensionHostProcess.js:181:276)
	at define.constructor._socketDisposables.push._socketReader.onMessage.e (/usr/share/code/resources/app/out/vs/workbench/services/extensions/node/extensionHostProcess.js:178:415)
	at u.fire (/usr/share/code/resources/app/out/vs/workbench/services/extensions/node/extensionHostProcess.js:44:708)
	at f.acceptChunk (/usr/share/code/resources/app/out/vs/workbench/services/extensions/node/extensionHostProcess.js:175:35)
	at define.constructor._register._socket.onData.e (/usr/share/code/resources/app/out/vs/workbench/services/extensions/node/extensionHostProcess.js:174:410)
	at Socket.t (/usr/share/code/resources/app/out/vs/workbench/services/extensions/node/extensionHostProcess.js:182:689)
	at Socket.emit (events.js:182:13)
	at addChunk (_stream_readable.js:279:12)
	at readableAddChunk (_stream_readable.js:264:11)
	at Socket.Readable.push (_stream_readable.js:219:10)
	at Pipe.onread (net.js:636:20)
